15/11/2023, 18:54:12 [31merror[39m: [31muncaughtException: Cannot find module './startup/logging'[39m
[31mRequire stack:[39m
[31m- C:\Users\kaveenprabodhya\Desktop\Vacation4U-reservations-node-rest-app\index.js[39m
[31mError: Cannot find module './startup/logging'[39m
[31mRequire stack:[39m
[31m- C:\Users\kaveenprabodhya\Desktop\Vacation4U-reservations-node-rest-app\index.js[39m
[31m    at Module._resolveFilename (node:internal/modules/cjs/loader:1077:15)[39m
[31m    at Module._load (node:internal/modules/cjs/loader:922:27)[39m
[31m    at Module.require (node:internal/modules/cjs/loader:1143:19)[39m
[31m    at require (node:internal/modules/cjs/helpers:119:18)[39m
[31m    at Object.<anonymous> (C:\Users\kaveenprabodhya\Desktop\Vacation4U-reservations-node-rest-app\index.js:4:1)[39m
[31m    at Module._compile (node:internal/modules/cjs/loader:1256:14)[39m
[31m    at Module._extensions..js (node:internal/modules/cjs/loader:1310:10)[39m
[31m    at Module.load (node:internal/modules/cjs/loader:1119:32)[39m
[31m    at Module._load (node:internal/modules/cjs/loader:960:12)[39m
[31m    at Function.executeUserEntryPoint [as runMain] (node:internal/modules/run_main:86:12)[39m
15/11/2023, 18:54:32 [31merror[39m: [31muncaughtException: Cannot find module './startup/logging'[39m
[31mRequire stack:[39m
[31m- C:\Users\kaveenprabodhya\Desktop\Vacation4U-reservations-node-rest-app\index.js[39m
[31mError: Cannot find module './startup/logging'[39m
[31mRequire stack:[39m
[31m- C:\Users\kaveenprabodhya\Desktop\Vacation4U-reservations-node-rest-app\index.js[39m
[31m    at Module._resolveFilename (node:internal/modules/cjs/loader:1077:15)[39m
[31m    at Module._load (node:internal/modules/cjs/loader:922:27)[39m
[31m    at Module.require (node:internal/modules/cjs/loader:1143:19)[39m
[31m    at require (node:internal/modules/cjs/helpers:119:18)[39m
[31m    at Object.<anonymous> (C:\Users\kaveenprabodhya\Desktop\Vacation4U-reservations-node-rest-app\index.js:4:1)[39m
[31m    at Module._compile (node:internal/modules/cjs/loader:1256:14)[39m
[31m    at Module._extensions..js (node:internal/modules/cjs/loader:1310:10)[39m
[31m    at Module.load (node:internal/modules/cjs/loader:1119:32)[39m
[31m    at Module._load (node:internal/modules/cjs/loader:960:12)[39m
[31m    at Function.executeUserEntryPoint [as runMain] (node:internal/modules/run_main:86:12)[39m
15/11/2023, 19:32:45 [31merror[39m: [31muncaughtException: Cannot find module '../routes/users'[39m
[31mRequire stack:[39m
[31m- C:\Users\kaveenprabodhya\Desktop\Vacation4U-reservations-node-rest-app\startup\routes.js[39m
[31m- C:\Users\kaveenprabodhya\Desktop\Vacation4U-reservations-node-rest-app\index.js[39m
[31mError: Cannot find module '../routes/users'[39m
[31mRequire stack:[39m
[31m- C:\Users\kaveenprabodhya\Desktop\Vacation4U-reservations-node-rest-app\startup\routes.js[39m
[31m- C:\Users\kaveenprabodhya\Desktop\Vacation4U-reservations-node-rest-app\index.js[39m
[31m    at Module._resolveFilename (node:internal/modules/cjs/loader:1077:15)[39m
[31m    at Module._load (node:internal/modules/cjs/loader:922:27)[39m
[31m    at Module.require (node:internal/modules/cjs/loader:1143:19)[39m
[31m    at require (node:internal/modules/cjs/helpers:119:18)[39m
[31m    at Object.<anonymous> (C:\Users\kaveenprabodhya\Desktop\Vacation4U-reservations-node-rest-app\startup\routes.js:4:15)[39m
[31m    at Module._compile (node:internal/modules/cjs/loader:1256:14)[39m
[31m    at Module._extensions..js (node:internal/modules/cjs/loader:1310:10)[39m
[31m    at Module.load (node:internal/modules/cjs/loader:1119:32)[39m
[31m    at Module._load (node:internal/modules/cjs/loader:960:12)[39m
[31m    at Module.require (node:internal/modules/cjs/loader:1143:19)[39m
15/11/2023, 19:32:54 [31merror[39m: [31muncaughtException: Cannot find module '../routes/cruises'[39m
[31mRequire stack:[39m
[31m- C:\Users\kaveenprabodhya\Desktop\Vacation4U-reservations-node-rest-app\startup\routes.js[39m
[31m- C:\Users\kaveenprabodhya\Desktop\Vacation4U-reservations-node-rest-app\index.js[39m
[31mError: Cannot find module '../routes/cruises'[39m
[31mRequire stack:[39m
[31m- C:\Users\kaveenprabodhya\Desktop\Vacation4U-reservations-node-rest-app\startup\routes.js[39m
[31m- C:\Users\kaveenprabodhya\Desktop\Vacation4U-reservations-node-rest-app\index.js[39m
[31m    at Module._resolveFilename (node:internal/modules/cjs/loader:1077:15)[39m
[31m    at Module._load (node:internal/modules/cjs/loader:922:27)[39m
[31m    at Module.require (node:internal/modules/cjs/loader:1143:19)[39m
[31m    at require (node:internal/modules/cjs/helpers:119:18)[39m
[31m    at Object.<anonymous> (C:\Users\kaveenprabodhya\Desktop\Vacation4U-reservations-node-rest-app\startup\routes.js:2:16)[39m
[31m    at Module._compile (node:internal/modules/cjs/loader:1256:14)[39m
[31m    at Module._extensions..js (node:internal/modules/cjs/loader:1310:10)[39m
[31m    at Module.load (node:internal/modules/cjs/loader:1119:32)[39m
[31m    at Module._load (node:internal/modules/cjs/loader:960:12)[39m
[31m    at Module.require (node:internal/modules/cjs/loader:1143:19)[39m
15/11/2023, 19:34:53 [31merror[39m: [31muncaughtException: Cannot find module '../routes/cruises'[39m
[31mRequire stack:[39m
[31m- C:\Users\kaveenprabodhya\Desktop\Vacation4U-reservations-node-rest-app\startup\routes.js[39m
[31m- C:\Users\kaveenprabodhya\Desktop\Vacation4U-reservations-node-rest-app\index.js[39m
[31mError: Cannot find module '../routes/cruises'[39m
[31mRequire stack:[39m
[31m- C:\Users\kaveenprabodhya\Desktop\Vacation4U-reservations-node-rest-app\startup\routes.js[39m
[31m- C:\Users\kaveenprabodhya\Desktop\Vacation4U-reservations-node-rest-app\index.js[39m
[31m    at Module._resolveFilename (node:internal/modules/cjs/loader:1077:15)[39m
[31m    at Module._load (node:internal/modules/cjs/loader:922:27)[39m
[31m    at Module.require (node:internal/modules/cjs/loader:1143:19)[39m
[31m    at require (node:internal/modules/cjs/helpers:119:18)[39m
[31m    at Object.<anonymous> (C:\Users\kaveenprabodhya\Desktop\Vacation4U-reservations-node-rest-app\startup\routes.js:2:16)[39m
[31m    at Module._compile (node:internal/modules/cjs/loader:1256:14)[39m
[31m    at Module._extensions..js (node:internal/modules/cjs/loader:1310:10)[39m
[31m    at Module.load (node:internal/modules/cjs/loader:1119:32)[39m
[31m    at Module._load (node:internal/modules/cjs/loader:960:12)[39m
[31m    at Module.require (node:internal/modules/cjs/loader:1143:19)[39m
15/11/2023, 19:35:39 [31merror[39m: [31muncaughtException: Cannot find module '../routes/cruises'[39m
[31mRequire stack:[39m
[31m- C:\Users\kaveenprabodhya\Desktop\Vacation4U-reservations-node-rest-app\startup\routes.js[39m
[31m- C:\Users\kaveenprabodhya\Desktop\Vacation4U-reservations-node-rest-app\index.js[39m
[31mError: Cannot find module '../routes/cruises'[39m
[31mRequire stack:[39m
[31m- C:\Users\kaveenprabodhya\Desktop\Vacation4U-reservations-node-rest-app\startup\routes.js[39m
[31m- C:\Users\kaveenprabodhya\Desktop\Vacation4U-reservations-node-rest-app\index.js[39m
[31m    at Module._resolveFilename (node:internal/modules/cjs/loader:1077:15)[39m
[31m    at Module._load (node:internal/modules/cjs/loader:922:27)[39m
[31m    at Module.require (node:internal/modules/cjs/loader:1143:19)[39m
[31m    at require (node:internal/modules/cjs/helpers:119:18)[39m
[31m    at Object.<anonymous> (C:\Users\kaveenprabodhya\Desktop\Vacation4U-reservations-node-rest-app\startup\routes.js:2:16)[39m
[31m    at Module._compile (node:internal/modules/cjs/loader:1256:14)[39m
[31m    at Module._extensions..js (node:internal/modules/cjs/loader:1310:10)[39m
[31m    at Module.load (node:internal/modules/cjs/loader:1119:32)[39m
[31m    at Module._load (node:internal/modules/cjs/loader:960:12)[39m
[31m    at Module.require (node:internal/modules/cjs/loader:1143:19)[39m
15/11/2023, 19:36:43 [31merror[39m: [31muncaughtException: Cannot find module '../controllers/cruise/cruiseController'[39m
[31mRequire stack:[39m
[31m- C:\Users\kaveenprabodhya\Desktop\Vacation4U-reservations-node-rest-app\routes\cruise\cruises.js[39m
[31m- C:\Users\kaveenprabodhya\Desktop\Vacation4U-reservations-node-rest-app\startup\routes.js[39m
[31m- C:\Users\kaveenprabodhya\Desktop\Vacation4U-reservations-node-rest-app\index.js[39m
[31mError: Cannot find module '../controllers/cruise/cruiseController'[39m
[31mRequire stack:[39m
[31m- C:\Users\kaveenprabodhya\Desktop\Vacation4U-reservations-node-rest-app\routes\cruise\cruises.js[39m
[31m- C:\Users\kaveenprabodhya\Desktop\Vacation4U-reservations-node-rest-app\startup\routes.js[39m
[31m- C:\Users\kaveenprabodhya\Desktop\Vacation4U-reservations-node-rest-app\index.js[39m
[31m    at Module._resolveFilename (node:internal/modules/cjs/loader:1077:15)[39m
[31m    at Module._load (node:internal/modules/cjs/loader:922:27)[39m
[31m    at Module.require (node:internal/modules/cjs/loader:1143:19)[39m
[31m    at require (node:internal/modules/cjs/helpers:119:18)[39m
[31m    at Object.<anonymous> (C:\Users\kaveenprabodhya\Desktop\Vacation4U-reservations-node-rest-app\routes\cruise\cruises.js:3:16)[39m
[31m    at Module._compile (node:internal/modules/cjs/loader:1256:14)[39m
[31m    at Module._extensions..js (node:internal/modules/cjs/loader:1310:10)[39m
[31m    at Module.load (node:internal/modules/cjs/loader:1119:32)[39m
[31m    at Module._load (node:internal/modules/cjs/loader:960:12)[39m
[31m    at Module.require (node:internal/modules/cjs/loader:1143:19)[39m
15/11/2023, 19:39:00 [31merror[39m: [31muncaughtException: Cannot find module '../controllers/cruise/cruiseController'[39m
[31mRequire stack:[39m
[31m- C:\Users\kaveenprabodhya\Desktop\Vacation4U-reservations-node-rest-app\routes\cruise\cruises.js[39m
[31m- C:\Users\kaveenprabodhya\Desktop\Vacation4U-reservations-node-rest-app\startup\routes.js[39m
[31m- C:\Users\kaveenprabodhya\Desktop\Vacation4U-reservations-node-rest-app\index.js[39m
[31mError: Cannot find module '../controllers/cruise/cruiseController'[39m
[31mRequire stack:[39m
[31m- C:\Users\kaveenprabodhya\Desktop\Vacation4U-reservations-node-rest-app\routes\cruise\cruises.js[39m
[31m- C:\Users\kaveenprabodhya\Desktop\Vacation4U-reservations-node-rest-app\startup\routes.js[39m
[31m- C:\Users\kaveenprabodhya\Desktop\Vacation4U-reservations-node-rest-app\index.js[39m
[31m    at Module._resolveFilename (node:internal/modules/cjs/loader:1077:15)[39m
[31m    at Module._load (node:internal/modules/cjs/loader:922:27)[39m
[31m    at Module.require (node:internal/modules/cjs/loader:1143:19)[39m
[31m    at require (node:internal/modules/cjs/helpers:119:18)[39m
[31m    at Object.<anonymous> (C:\Users\kaveenprabodhya\Desktop\Vacation4U-reservations-node-rest-app\routes\cruise\cruises.js:3:16)[39m
[31m    at Module._compile (node:internal/modules/cjs/loader:1256:14)[39m
[31m    at Module._extensions..js (node:internal/modules/cjs/loader:1310:10)[39m
[31m    at Module.load (node:internal/modules/cjs/loader:1119:32)[39m
[31m    at Module._load (node:internal/modules/cjs/loader:960:12)[39m
[31m    at Module.require (node:internal/modules/cjs/loader:1143:19)[39m
15/11/2023, 19:41:25 [31merror[39m: [31muncaughtException: Cannot find module '../controllers/cruise/cruiseController'[39m
[31mRequire stack:[39m
[31m- C:\Users\kaveenprabodhya\Desktop\Vacation4U-reservations-node-rest-app\routes\cruise\cruises.js[39m
[31m- C:\Users\kaveenprabodhya\Desktop\Vacation4U-reservations-node-rest-app\startup\routes.js[39m
[31m- C:\Users\kaveenprabodhya\Desktop\Vacation4U-reservations-node-rest-app\index.js[39m
[31mError: Cannot find module '../controllers/cruise/cruiseController'[39m
[31mRequire stack:[39m
[31m- C:\Users\kaveenprabodhya\Desktop\Vacation4U-reservations-node-rest-app\routes\cruise\cruises.js[39m
[31m- C:\Users\kaveenprabodhya\Desktop\Vacation4U-reservations-node-rest-app\startup\routes.js[39m
[31m- C:\Users\kaveenprabodhya\Desktop\Vacation4U-reservations-node-rest-app\index.js[39m
[31m    at Module._resolveFilename (node:internal/modules/cjs/loader:1077:15)[39m
[31m    at Module._load (node:internal/modules/cjs/loader:922:27)[39m
[31m    at Module.require (node:internal/modules/cjs/loader:1143:19)[39m
[31m    at require (node:internal/modules/cjs/helpers:119:18)[39m
[31m    at Object.<anonymous> (C:\Users\kaveenprabodhya\Desktop\Vacation4U-reservations-node-rest-app\routes\cruise\cruises.js:3:16)[39m
[31m    at Module._compile (node:internal/modules/cjs/loader:1256:14)[39m
[31m    at Module._extensions..js (node:internal/modules/cjs/loader:1310:10)[39m
[31m    at Module.load (node:internal/modules/cjs/loader:1119:32)[39m
[31m    at Module._load (node:internal/modules/cjs/loader:960:12)[39m
[31m    at Module.require (node:internal/modules/cjs/loader:1143:19)[39m
15/11/2023, 19:41:30 [31merror[39m: [31muncaughtException: Cannot find module '../controllers/cruise/cruiseController'[39m
[31mRequire stack:[39m
[31m- C:\Users\kaveenprabodhya\Desktop\Vacation4U-reservations-node-rest-app\routes\cruise\cruises.js[39m
[31m- C:\Users\kaveenprabodhya\Desktop\Vacation4U-reservations-node-rest-app\startup\routes.js[39m
[31m- C:\Users\kaveenprabodhya\Desktop\Vacation4U-reservations-node-rest-app\index.js[39m
[31mError: Cannot find module '../controllers/cruise/cruiseController'[39m
[31mRequire stack:[39m
[31m- C:\Users\kaveenprabodhya\Desktop\Vacation4U-reservations-node-rest-app\routes\cruise\cruises.js[39m
[31m- C:\Users\kaveenprabodhya\Desktop\Vacation4U-reservations-node-rest-app\startup\routes.js[39m
[31m- C:\Users\kaveenprabodhya\Desktop\Vacation4U-reservations-node-rest-app\index.js[39m
[31m    at Module._resolveFilename (node:internal/modules/cjs/loader:1077:15)[39m
[31m    at Module._load (node:internal/modules/cjs/loader:922:27)[39m
[31m    at Module.require (node:internal/modules/cjs/loader:1143:19)[39m
[31m    at require (node:internal/modules/cjs/helpers:119:18)[39m
[31m    at Object.<anonymous> (C:\Users\kaveenprabodhya\Desktop\Vacation4U-reservations-node-rest-app\routes\cruise\cruises.js:3:16)[39m
[31m    at Module._compile (node:internal/modules/cjs/loader:1256:14)[39m
[31m    at Module._extensions..js (node:internal/modules/cjs/loader:1310:10)[39m
[31m    at Module.load (node:internal/modules/cjs/loader:1119:32)[39m
[31m    at Module._load (node:internal/modules/cjs/loader:960:12)[39m
[31m    at Module.require (node:internal/modules/cjs/loader:1143:19)[39m
15/11/2023, 19:41:36 [31merror[39m: [31muncaughtException: Cannot find module '../controllers/cruise/cruiseController'[39m
[31mRequire stack:[39m
[31m- C:\Users\kaveenprabodhya\Desktop\Vacation4U-reservations-node-rest-app\routes\cruise\cruises.js[39m
[31m- C:\Users\kaveenprabodhya\Desktop\Vacation4U-reservations-node-rest-app\startup\routes.js[39m
[31m- C:\Users\kaveenprabodhya\Desktop\Vacation4U-reservations-node-rest-app\index.js[39m
[31mError: Cannot find module '../controllers/cruise/cruiseController'[39m
[31mRequire stack:[39m
[31m- C:\Users\kaveenprabodhya\Desktop\Vacation4U-reservations-node-rest-app\routes\cruise\cruises.js[39m
[31m- C:\Users\kaveenprabodhya\Desktop\Vacation4U-reservations-node-rest-app\startup\routes.js[39m
[31m- C:\Users\kaveenprabodhya\Desktop\Vacation4U-reservations-node-rest-app\index.js[39m
[31m    at Module._resolveFilename (node:internal/modules/cjs/loader:1077:15)[39m
[31m    at Module._load (node:internal/modules/cjs/loader:922:27)[39m
[31m    at Module.require (node:internal/modules/cjs/loader:1143:19)[39m
[31m    at require (node:internal/modules/cjs/helpers:119:18)[39m
[31m    at Object.<anonymous> (C:\Users\kaveenprabodhya\Desktop\Vacation4U-reservations-node-rest-app\routes\cruise\cruises.js:3:16)[39m
[31m    at Module._compile (node:internal/modules/cjs/loader:1256:14)[39m
[31m    at Module._extensions..js (node:internal/modules/cjs/loader:1310:10)[39m
[31m    at Module.load (node:internal/modules/cjs/loader:1119:32)[39m
[31m    at Module._load (node:internal/modules/cjs/loader:960:12)[39m
[31m    at Module.require (node:internal/modules/cjs/loader:1143:19)[39m
15/11/2023, 19:41:48 [31merror[39m: [31muncaughtException: Cannot find module '../controllers/cruise/cruiseController'[39m
[31mRequire stack:[39m
[31m- C:\Users\kaveenprabodhya\Desktop\Vacation4U-reservations-node-rest-app\routes\cruise\cruises.js[39m
[31m- C:\Users\kaveenprabodhya\Desktop\Vacation4U-reservations-node-rest-app\startup\routes.js[39m
[31m- C:\Users\kaveenprabodhya\Desktop\Vacation4U-reservations-node-rest-app\index.js[39m
[31mError: Cannot find module '../controllers/cruise/cruiseController'[39m
[31mRequire stack:[39m
[31m- C:\Users\kaveenprabodhya\Desktop\Vacation4U-reservations-node-rest-app\routes\cruise\cruises.js[39m
[31m- C:\Users\kaveenprabodhya\Desktop\Vacation4U-reservations-node-rest-app\startup\routes.js[39m
[31m- C:\Users\kaveenprabodhya\Desktop\Vacation4U-reservations-node-rest-app\index.js[39m
[31m    at Module._resolveFilename (node:internal/modules/cjs/loader:1077:15)[39m
[31m    at Module._load (node:internal/modules/cjs/loader:922:27)[39m
[31m    at Module.require (node:internal/modules/cjs/loader:1143:19)[39m
[31m    at require (node:internal/modules/cjs/helpers:119:18)[39m
[31m    at Object.<anonymous> (C:\Users\kaveenprabodhya\Desktop\Vacation4U-reservations-node-rest-app\routes\cruise\cruises.js:3:16)[39m
[31m    at Module._compile (node:internal/modules/cjs/loader:1256:14)[39m
[31m    at Module._extensions..js (node:internal/modules/cjs/loader:1310:10)[39m
[31m    at Module.load (node:internal/modules/cjs/loader:1119:32)[39m
[31m    at Module._load (node:internal/modules/cjs/loader:960:12)[39m
[31m    at Module.require (node:internal/modules/cjs/loader:1143:19)[39m
15/11/2023, 19:44:02 [31merror[39m: [31muncaughtException: Cannot find module '../middlewares/auth'[39m
[31mRequire stack:[39m
[31m- C:\Users\kaveenprabodhya\Desktop\Vacation4U-reservations-node-rest-app\routes\cruise\cruiseBookings.js[39m
[31m- C:\Users\kaveenprabodhya\Desktop\Vacation4U-reservations-node-rest-app\startup\routes.js[39m
[31m- C:\Users\kaveenprabodhya\Desktop\Vacation4U-reservations-node-rest-app\index.js[39m
[31mError: Cannot find module '../middlewares/auth'[39m
[31mRequire stack:[39m
[31m- C:\Users\kaveenprabodhya\Desktop\Vacation4U-reservations-node-rest-app\routes\cruise\cruiseBookings.js[39m
[31m- C:\Users\kaveenprabodhya\Desktop\Vacation4U-reservations-node-rest-app\startup\routes.js[39m
[31m- C:\Users\kaveenprabodhya\Desktop\Vacation4U-reservations-node-rest-app\index.js[39m
[31m    at Module._resolveFilename (node:internal/modules/cjs/loader:1077:15)[39m
[31m    at Module._load (node:internal/modules/cjs/loader:922:27)[39m
[31m    at Module.require (node:internal/modules/cjs/loader:1143:19)[39m
[31m    at require (node:internal/modules/cjs/helpers:119:18)[39m
[31m    at Object.<anonymous> (C:\Users\kaveenprabodhya\Desktop\Vacation4U-reservations-node-rest-app\routes\cruise\cruiseBookings.js:3:14)[39m
[31m    at Module._compile (node:internal/modules/cjs/loader:1256:14)[39m
[31m    at Module._extensions..js (node:internal/modules/cjs/loader:1310:10)[39m
[31m    at Module.load (node:internal/modules/cjs/loader:1119:32)[39m
[31m    at Module._load (node:internal/modules/cjs/loader:960:12)[39m
[31m    at Module.require (node:internal/modules/cjs/loader:1143:19)[39m
15/11/2023, 19:44:43 [31merror[39m: [31muncaughtException: Cannot find module '../middlewares/auth'[39m
[31mRequire stack:[39m
[31m- C:\Users\kaveenprabodhya\Desktop\Vacation4U-reservations-node-rest-app\routes\authection\users.js[39m
[31m- C:\Users\kaveenprabodhya\Desktop\Vacation4U-reservations-node-rest-app\startup\routes.js[39m
[31m- C:\Users\kaveenprabodhya\Desktop\Vacation4U-reservations-node-rest-app\index.js[39m
[31mError: Cannot find module '../middlewares/auth'[39m
[31mRequire stack:[39m
[31m- C:\Users\kaveenprabodhya\Desktop\Vacation4U-reservations-node-rest-app\routes\authection\users.js[39m
[31m- C:\Users\kaveenprabodhya\Desktop\Vacation4U-reservations-node-rest-app\startup\routes.js[39m
[31m- C:\Users\kaveenprabodhya\Desktop\Vacation4U-reservations-node-rest-app\index.js[39m
[31m    at Module._resolveFilename (node:internal/modules/cjs/loader:1077:15)[39m
[31m    at Module._load (node:internal/modules/cjs/loader:922:27)[39m
[31m    at Module.require (node:internal/modules/cjs/loader:1143:19)[39m
[31m    at require (node:internal/modules/cjs/helpers:119:18)[39m
[31m    at Object.<anonymous> (C:\Users\kaveenprabodhya\Desktop\Vacation4U-reservations-node-rest-app\routes\authection\users.js:3:14)[39m
[31m    at Module._compile (node:internal/modules/cjs/loader:1256:14)[39m
[31m    at Module._extensions..js (node:internal/modules/cjs/loader:1310:10)[39m
[31m    at Module.load (node:internal/modules/cjs/loader:1119:32)[39m
[31m    at Module._load (node:internal/modules/cjs/loader:960:12)[39m
[31m    at Module.require (node:internal/modules/cjs/loader:1143:19)[39m
15/11/2023, 19:45:01 [31merror[39m: [31muncaughtException: Cannot find module '.../../controllers/authentication/userController'[39m
[31mRequire stack:[39m
[31m- C:\Users\kaveenprabodhya\Desktop\Vacation4U-reservations-node-rest-app\routes\authection\users.js[39m
[31m- C:\Users\kaveenprabodhya\Desktop\Vacation4U-reservations-node-rest-app\startup\routes.js[39m
[31m- C:\Users\kaveenprabodhya\Desktop\Vacation4U-reservations-node-rest-app\index.js[39m
[31mError: Cannot find module '.../../controllers/authentication/userController'[39m
[31mRequire stack:[39m
[31m- C:\Users\kaveenprabodhya\Desktop\Vacation4U-reservations-node-rest-app\routes\authection\users.js[39m
[31m- C:\Users\kaveenprabodhya\Desktop\Vacation4U-reservations-node-rest-app\startup\routes.js[39m
[31m- C:\Users\kaveenprabodhya\Desktop\Vacation4U-reservations-node-rest-app\index.js[39m
[31m    at Module._resolveFilename (node:internal/modules/cjs/loader:1077:15)[39m
[31m    at Module._load (node:internal/modules/cjs/loader:922:27)[39m
[31m    at Module.require (node:internal/modules/cjs/loader:1143:19)[39m
[31m    at require (node:internal/modules/cjs/helpers:119:18)[39m
[31m    at Object.<anonymous> (C:\Users\kaveenprabodhya\Desktop\Vacation4U-reservations-node-rest-app\routes\authection\users.js:4:24)[39m
[31m    at Module._compile (node:internal/modules/cjs/loader:1256:14)[39m
[31m    at Module._extensions..js (node:internal/modules/cjs/loader:1310:10)[39m
[31m    at Module.load (node:internal/modules/cjs/loader:1119:32)[39m
[31m    at Module._load (node:internal/modules/cjs/loader:960:12)[39m
[31m    at Module.require (node:internal/modules/cjs/loader:1143:19)[39m
15/11/2023, 19:45:11 [31merror[39m: [31muncaughtException: Cannot find module '../controllers/authentication/authController'[39m
[31mRequire stack:[39m
[31m- C:\Users\kaveenprabodhya\Desktop\Vacation4U-reservations-node-rest-app\routes\authection\auth.js[39m
[31m- C:\Users\kaveenprabodhya\Desktop\Vacation4U-reservations-node-rest-app\startup\routes.js[39m
[31m- C:\Users\kaveenprabodhya\Desktop\Vacation4U-reservations-node-rest-app\index.js[39m
[31mError: Cannot find module '../controllers/authentication/authController'[39m
[31mRequire stack:[39m
[31m- C:\Users\kaveenprabodhya\Desktop\Vacation4U-reservations-node-rest-app\routes\authection\auth.js[39m
[31m- C:\Users\kaveenprabodhya\Desktop\Vacation4U-reservations-node-rest-app\startup\routes.js[39m
[31m- C:\Users\kaveenprabodhya\Desktop\Vacation4U-reservations-node-rest-app\index.js[39m
[31m    at Module._resolveFilename (node:internal/modules/cjs/loader:1077:15)[39m
[31m    at Module._load (node:internal/modules/cjs/loader:922:27)[39m
[31m    at Module.require (node:internal/modules/cjs/loader:1143:19)[39m
[31m    at require (node:internal/modules/cjs/helpers:119:18)[39m
[31m    at Object.<anonymous> (C:\Users\kaveenprabodhya\Desktop\Vacation4U-reservations-node-rest-app\routes\authection\auth.js:3:24)[39m
[31m    at Module._compile (node:internal/modules/cjs/loader:1256:14)[39m
[31m    at Module._extensions..js (node:internal/modules/cjs/loader:1310:10)[39m
[31m    at Module.load (node:internal/modules/cjs/loader:1119:32)[39m
[31m    at Module._load (node:internal/modules/cjs/loader:960:12)[39m
[31m    at Module.require (node:internal/modules/cjs/loader:1143:19)[39m
15/11/2023, 21:45:41 [31merror[39m: [31muncaughtException: admin is not defined[39m
[31mReferenceError: admin is not defined[39m
[31m    at Object.<anonymous> (C:\Users\kaveenprabodhya\Desktop\Vacation4U-reservations-node-rest-app\routes\cruise\cruiseBookings.js:14:28)[39m
[31m    at Module._compile (node:internal/modules/cjs/loader:1256:14)[39m
[31m    at Module._extensions..js (node:internal/modules/cjs/loader:1310:10)[39m
[31m    at Module.load (node:internal/modules/cjs/loader:1119:32)[39m
[31m    at Module._load (node:internal/modules/cjs/loader:960:12)[39m
[31m    at Module.require (node:internal/modules/cjs/loader:1143:19)[39m
[31m    at require (node:internal/modules/cjs/helpers:119:18)[39m
[31m    at Object.<anonymous> (C:\Users\kaveenprabodhya\Desktop\Vacation4U-reservations-node-rest-app\startup\routes.js:3:23)[39m
[31m    at Module._compile (node:internal/modules/cjs/loader:1256:14)[39m
[31m    at Module._extensions..js (node:internal/modules/cjs/loader:1310:10)[39m
15/11/2023, 21:50:34 [31merror[39m: [31muncaughtException: Cannot find module '../../middlewares/agent'[39m
[31mRequire stack:[39m
[31m- C:\Users\kaveenprabodhya\Desktop\Vacation4U-reservations-node-rest-app\routes\cruise\cruiseBookings.js[39m
[31m- C:\Users\kaveenprabodhya\Desktop\Vacation4U-reservations-node-rest-app\startup\routes.js[39m
[31m- C:\Users\kaveenprabodhya\Desktop\Vacation4U-reservations-node-rest-app\index.js[39m
[31mError: Cannot find module '../../middlewares/agent'[39m
[31mRequire stack:[39m
[31m- C:\Users\kaveenprabodhya\Desktop\Vacation4U-reservations-node-rest-app\routes\cruise\cruiseBookings.js[39m
[31m- C:\Users\kaveenprabodhya\Desktop\Vacation4U-reservations-node-rest-app\startup\routes.js[39m
[31m- C:\Users\kaveenprabodhya\Desktop\Vacation4U-reservations-node-rest-app\index.js[39m
[31m    at Module._resolveFilename (node:internal/modules/cjs/loader:1077:15)[39m
[31m    at Module._load (node:internal/modules/cjs/loader:922:27)[39m
[31m    at Module.require (node:internal/modules/cjs/loader:1143:19)[39m
[31m    at require (node:internal/modules/cjs/helpers:119:18)[39m
[31m    at Object.<anonymous> (C:\Users\kaveenprabodhya\Desktop\Vacation4U-reservations-node-rest-app\routes\cruise\cruiseBookings.js:4:15)[39m
[31m    at Module._compile (node:internal/modules/cjs/loader:1256:14)[39m
[31m    at Module._extensions..js (node:internal/modules/cjs/loader:1310:10)[39m
[31m    at Module.load (node:internal/modules/cjs/loader:1119:32)[39m
[31m    at Module._load (node:internal/modules/cjs/loader:960:12)[39m
[31m    at Module.require (node:internal/modules/cjs/loader:1143:19)[39m
15/11/2023, 21:54:50 [31merror[39m: [31muncaughtException: admin is not defined[39m
[31mReferenceError: admin is not defined[39m
[31m    at Object.<anonymous> (C:\Users\kaveenprabodhya\Desktop\Vacation4U-reservations-node-rest-app\routes\cruise\cruiseBookings.js:13:28)[39m
[31m    at Module._compile (node:internal/modules/cjs/loader:1256:14)[39m
[31m    at Module._extensions..js (node:internal/modules/cjs/loader:1310:10)[39m
[31m    at Module.load (node:internal/modules/cjs/loader:1119:32)[39m
[31m    at Module._load (node:internal/modules/cjs/loader:960:12)[39m
[31m    at Module.require (node:internal/modules/cjs/loader:1143:19)[39m
[31m    at require (node:internal/modules/cjs/helpers:119:18)[39m
[31m    at Object.<anonymous> (C:\Users\kaveenprabodhya\Desktop\Vacation4U-reservations-node-rest-app\startup\routes.js:3:23)[39m
[31m    at Module._compile (node:internal/modules/cjs/loader:1256:14)[39m
[31m    at Module._extensions..js (node:internal/modules/cjs/loader:1310:10)[39m
15/11/2023, 22:12:47 [31merror[39m: [31muncaughtException: itemIndex is not defined[39m
[31mReferenceError: itemIndex is not defined[39m
[31m    at exports.deleteAllLockedCabinsAfterTimeOut (C:\Users\kaveenprabodhya\Desktop\Vacation4U-reservations-node-rest-app\controllers\cruise\cruiseBookingController.js:41:21)[39m
[31m    at process.processTicksAndRejections (node:internal/process/task_queues:95:5)[39m
15/11/2023, 22:15:34 [31merror[39m: [31muncaughtException: items is not defined[39m
[31mReferenceError: items is not defined[39m
[31m    at exports.deleteAllLockedCabinsAfterTimeOut (C:\Users\kaveenprabodhya\Desktop\Vacation4U-reservations-node-rest-app\controllers\cruise\cruiseBookingController.js:41:16)[39m
[31m    at process.processTicksAndRejections (node:internal/process/task_queues:95:5)[39m
15/11/2023, 22:17:24 [31merror[39m: [31muncaughtException: cartItemId is not defined[39m
[31mReferenceError: cartItemId is not defined[39m
[31m    at exports.deleteCartItemForUser (C:\Users\kaveenprabodhya\Desktop\Vacation4U-reservations-node-rest-app\controllers\cruise\cruiseBookingController.js:313:54)[39m
[31m    at Layer.handle [as handle_request] (C:\Users\kaveenprabodhya\Desktop\Vacation4U-reservations-node-rest-app\node_modules\express\lib\router\layer.js:95:5)[39m
[31m    at next (C:\Users\kaveenprabodhya\Desktop\Vacation4U-reservations-node-rest-app\node_modules\express\lib\router\route.js:144:13)[39m
[31m    at module.exports (C:\Users\kaveenprabodhya\Desktop\Vacation4U-reservations-node-rest-app\middlewares\isAdminOrAgent.js:3:5)[39m
[31m    at Layer.handle [as handle_request] (C:\Users\kaveenprabodhya\Desktop\Vacation4U-reservations-node-rest-app\node_modules\express\lib\router\layer.js:95:5)[39m
[31m    at next (C:\Users\kaveenprabodhya\Desktop\Vacation4U-reservations-node-rest-app\node_modules\express\lib\router\route.js:144:13)[39m
[31m    at module.exports (C:\Users\kaveenprabodhya\Desktop\Vacation4U-reservations-node-rest-app\middlewares\auth.js:13:5)[39m
[31m    at Layer.handle [as handle_request] (C:\Users\kaveenprabodhya\Desktop\Vacation4U-reservations-node-rest-app\node_modules\express\lib\router\layer.js:95:5)[39m
[31m    at next (C:\Users\kaveenprabodhya\Desktop\Vacation4U-reservations-node-rest-app\node_modules\express\lib\router\route.js:144:13)[39m
[31m    at Route.dispatch (C:\Users\kaveenprabodhya\Desktop\Vacation4U-reservations-node-rest-app\node_modules\express\lib\router\route.js:114:3)[39m
15/11/2023, 22:21:04 [31merror[39m: [31muncaughtException: cartItemId is not defined[39m
[31mReferenceError: cartItemId is not defined[39m
[31m    at exports.deleteCartItemForUser (C:\Users\kaveenprabodhya\Desktop\Vacation4U-reservations-node-rest-app\controllers\cruise\cruiseBookingController.js:313:54)[39m
[31m    at Layer.handle [as handle_request] (C:\Users\kaveenprabodhya\Desktop\Vacation4U-reservations-node-rest-app\node_modules\express\lib\router\layer.js:95:5)[39m
[31m    at next (C:\Users\kaveenprabodhya\Desktop\Vacation4U-reservations-node-rest-app\node_modules\express\lib\router\route.js:144:13)[39m
[31m    at module.exports (C:\Users\kaveenprabodhya\Desktop\Vacation4U-reservations-node-rest-app\middlewares\isAdminOrAgent.js:3:5)[39m
[31m    at Layer.handle [as handle_request] (C:\Users\kaveenprabodhya\Desktop\Vacation4U-reservations-node-rest-app\node_modules\express\lib\router\layer.js:95:5)[39m
[31m    at next (C:\Users\kaveenprabodhya\Desktop\Vacation4U-reservations-node-rest-app\node_modules\express\lib\router\route.js:144:13)[39m
[31m    at module.exports (C:\Users\kaveenprabodhya\Desktop\Vacation4U-reservations-node-rest-app\middlewares\auth.js:13:5)[39m
[31m    at Layer.handle [as handle_request] (C:\Users\kaveenprabodhya\Desktop\Vacation4U-reservations-node-rest-app\node_modules\express\lib\router\layer.js:95:5)[39m
[31m    at next (C:\Users\kaveenprabodhya\Desktop\Vacation4U-reservations-node-rest-app\node_modules\express\lib\router\route.js:144:13)[39m
[31m    at Route.dispatch (C:\Users\kaveenprabodhya\Desktop\Vacation4U-reservations-node-rest-app\node_modules\express\lib\router\route.js:114:3)[39m
15/11/2023, 22:23:27 [31merror[39m: [31muncaughtException: mongoose is not defined[39m
[31mReferenceError: mongoose is not defined[39m
[31m    at exports.deleteCartItemForUser (C:\Users\kaveenprabodhya\Desktop\Vacation4U-reservations-node-rest-app\controllers\cruise\cruiseBookingController.js:279:3)[39m
[31m    at Layer.handle [as handle_request] (C:\Users\kaveenprabodhya\Desktop\Vacation4U-reservations-node-rest-app\node_modules\express\lib\router\layer.js:95:5)[39m
[31m    at next (C:\Users\kaveenprabodhya\Desktop\Vacation4U-reservations-node-rest-app\node_modules\express\lib\router\route.js:144:13)[39m
[31m    at module.exports (C:\Users\kaveenprabodhya\Desktop\Vacation4U-reservations-node-rest-app\middlewares\isAdminOrAgent.js:3:5)[39m
[31m    at Layer.handle [as handle_request] (C:\Users\kaveenprabodhya\Desktop\Vacation4U-reservations-node-rest-app\node_modules\express\lib\router\layer.js:95:5)[39m
[31m    at next (C:\Users\kaveenprabodhya\Desktop\Vacation4U-reservations-node-rest-app\node_modules\express\lib\router\route.js:144:13)[39m
[31m    at module.exports (C:\Users\kaveenprabodhya\Desktop\Vacation4U-reservations-node-rest-app\middlewares\auth.js:13:5)[39m
[31m    at Layer.handle [as handle_request] (C:\Users\kaveenprabodhya\Desktop\Vacation4U-reservations-node-rest-app\node_modules\express\lib\router\layer.js:95:5)[39m
[31m    at next (C:\Users\kaveenprabodhya\Desktop\Vacation4U-reservations-node-rest-app\node_modules\express\lib\router\route.js:144:13)[39m
[31m    at Route.dispatch (C:\Users\kaveenprabodhya\Desktop\Vacation4U-reservations-node-rest-app\node_modules\express\lib\router\route.js:114:3)[39m
15/11/2023, 22:32:16 [31merror[39m: [31muncaughtException: Cannot read properties of null (reading 'orderStatus')[39m
[31mTypeError: Cannot read properties of null (reading 'orderStatus')[39m
[31m    at exports.getOrderStatusForUser (C:\Users\kaveenprabodhya\Desktop\Vacation4U-reservations-node-rest-app\controllers\cruise\cruiseBookingController.js:399:18)[39m
[31m    at process.processTicksAndRejections (node:internal/process/task_queues:95:5)[39m
15/11/2023, 22:32:50 [31merror[39m: [31muncaughtException: Cannot set headers after they are sent to the client[39m
[31mError [ERR_HTTP_HEADERS_SENT]: Cannot set headers after they are sent to the client[39m
[31m    at new NodeError (node:internal/errors:405:5)[39m
[31m    at ServerResponse.setHeader (node:_http_outgoing:648:11)[39m
[31m    at ServerResponse.header (C:\Users\kaveenprabodhya\Desktop\Vacation4U-reservations-node-rest-app\node_modules\express\lib\response.js:794:10)[39m
[31m    at ServerResponse.send (C:\Users\kaveenprabodhya\Desktop\Vacation4U-reservations-node-rest-app\node_modules\express\lib\response.js:174:12)[39m
[31m    at exports.getOrderStatusForUser (C:\Users\kaveenprabodhya\Desktop\Vacation4U-reservations-node-rest-app\controllers\cruise\cruiseBookingController.js:399:7)[39m
[31m    at process.processTicksAndRejections (node:internal/process/task_queues:95:5)[39m
15/11/2023, 22:33:33 [31merror[39m: [31muncaughtException: Parameter "filter" to findOne() must be an object, got "6554154220b9a4c2ea1d5cdb" (type string)[39m
[31mObjectParameterError: Parameter "filter" to findOne() must be an object, got "6554154220b9a4c2ea1d5cdb" (type string)[39m
[31m    at Query.findOne (C:\Users\kaveenprabodhya\Desktop\Vacation4U-reservations-node-rest-app\node_modules\mongoose\lib\query.js:2564:16)[39m
[31m    at Function.findOne (C:\Users\kaveenprabodhya\Desktop\Vacation4U-reservations-node-rest-app\node_modules\mongoose\lib\model.js:2206:13)[39m
[31m    at exports.getOrderStatusForUser (C:\Users\kaveenprabodhya\Desktop\Vacation4U-reservations-node-rest-app\controllers\cruise\cruiseBookingController.js:393:29)[39m
[31m    at Layer.handle [as handle_request] (C:\Users\kaveenprabodhya\Desktop\Vacation4U-reservations-node-rest-app\node_modules\express\lib\router\layer.js:95:5)[39m
[31m    at next (C:\Users\kaveenprabodhya\Desktop\Vacation4U-reservations-node-rest-app\node_modules\express\lib\router\route.js:144:13)[39m
[31m    at module.exports (C:\Users\kaveenprabodhya\Desktop\Vacation4U-reservations-node-rest-app\middlewares\isAdminOrAgent.js:3:5)[39m
[31m    at Layer.handle [as handle_request] (C:\Users\kaveenprabodhya\Desktop\Vacation4U-reservations-node-rest-app\node_modules\express\lib\router\layer.js:95:5)[39m
[31m    at next (C:\Users\kaveenprabodhya\Desktop\Vacation4U-reservations-node-rest-app\node_modules\express\lib\router\route.js:144:13)[39m
[31m    at module.exports (C:\Users\kaveenprabodhya\Desktop\Vacation4U-reservations-node-rest-app\middlewares\auth.js:13:5)[39m
[31m    at Layer.handle [as handle_request] (C:\Users\kaveenprabodhya\Desktop\Vacation4U-reservations-node-rest-app\node_modules\express\lib\router\layer.js:95:5)[39m
15/11/2023, 22:55:18 [31merror[39m: [31muncaughtException: app.use() requires a middleware function[39m
[31mTypeError: app.use() requires a middleware function[39m
[31m    at Function.use (C:\Users\kaveenprabodhya\Desktop\Vacation4U-reservations-node-rest-app\node_modules\express\lib\application.js:217:11)[39m
[31m    at module.exports (C:\Users\kaveenprabodhya\Desktop\Vacation4U-reservations-node-rest-app\startup\routes.js:17:7)[39m
[31m    at Object.<anonymous> (C:\Users\kaveenprabodhya\Desktop\Vacation4U-reservations-node-rest-app\index.js:6:28)[39m
[31m    at Module._compile (node:internal/modules/cjs/loader:1256:14)[39m
[31m    at Module._extensions..js (node:internal/modules/cjs/loader:1310:10)[39m
[31m    at Module.load (node:internal/modules/cjs/loader:1119:32)[39m
[31m    at Module._load (node:internal/modules/cjs/loader:960:12)[39m
[31m    at Function.executeUserEntryPoint [as runMain] (node:internal/modules/run_main:86:12)[39m
[31m    at node:internal/main/run_main_module:23:47[39m
16/11/2023, 00:30:37 [31merror[39m: [31muncaughtException: Cannot find module '../controllers/Activity_Controller'[39m
[31mRequire stack:[39m
[31m- C:\Users\kaveenprabodhya\Desktop\Vacation4U-reservations-node-rest-app\routes\agent\AgentRoutes.js[39m
[31m- C:\Users\kaveenprabodhya\Desktop\Vacation4U-reservations-node-rest-app\startup\routes.js[39m
[31m- C:\Users\kaveenprabodhya\Desktop\Vacation4U-reservations-node-rest-app\index.js[39m
[31mError: Cannot find module '../controllers/Activity_Controller'[39m
[31mRequire stack:[39m
[31m- C:\Users\kaveenprabodhya\Desktop\Vacation4U-reservations-node-rest-app\routes\agent\AgentRoutes.js[39m
[31m- C:\Users\kaveenprabodhya\Desktop\Vacation4U-reservations-node-rest-app\startup\routes.js[39m
[31m- C:\Users\kaveenprabodhya\Desktop\Vacation4U-reservations-node-rest-app\index.js[39m
[31m    at Module._resolveFilename (node:internal/modules/cjs/loader:1077:15)[39m
[31m    at Module._load (node:internal/modules/cjs/loader:922:27)[39m
[31m    at Module.require (node:internal/modules/cjs/loader:1143:19)[39m
[31m    at require (node:internal/modules/cjs/helpers:119:18)[39m
[31m    at Object.<anonymous> (C:\Users\kaveenprabodhya\Desktop\Vacation4U-reservations-node-rest-app\routes\agent\AgentRoutes.js:11:5)[39m
[31m    at Module._compile (node:internal/modules/cjs/loader:1256:14)[39m
[31m    at Module._extensions..js (node:internal/modules/cjs/loader:1310:10)[39m
[31m    at Module.load (node:internal/modules/cjs/loader:1119:32)[39m
[31m    at Module._load (node:internal/modules/cjs/loader:960:12)[39m
[31m    at Module.require (node:internal/modules/cjs/loader:1143:19)[39m
16/11/2023, 00:31:40 [31merror[39m: [31muncaughtException: Cannot find module '../models/Activity'[39m
[31mRequire stack:[39m
[31m- C:\Users\kaveenprabodhya\Desktop\Vacation4U-reservations-node-rest-app\controllers\activity\Activity_Controller.js[39m
[31m- C:\Users\kaveenprabodhya\Desktop\Vacation4U-reservations-node-rest-app\routes\agent\AgentRoutes.js[39m
[31m- C:\Users\kaveenprabodhya\Desktop\Vacation4U-reservations-node-rest-app\startup\routes.js[39m
[31m- C:\Users\kaveenprabodhya\Desktop\Vacation4U-reservations-node-rest-app\index.js[39m
[31mError: Cannot find module '../models/Activity'[39m
[31mRequire stack:[39m
[31m- C:\Users\kaveenprabodhya\Desktop\Vacation4U-reservations-node-rest-app\controllers\activity\Activity_Controller.js[39m
[31m- C:\Users\kaveenprabodhya\Desktop\Vacation4U-reservations-node-rest-app\routes\agent\AgentRoutes.js[39m
[31m- C:\Users\kaveenprabodhya\Desktop\Vacation4U-reservations-node-rest-app\startup\routes.js[39m
[31m- C:\Users\kaveenprabodhya\Desktop\Vacation4U-reservations-node-rest-app\index.js[39m
[31m    at Module._resolveFilename (node:internal/modules/cjs/loader:1077:15)[39m
[31m    at Module._load (node:internal/modules/cjs/loader:922:27)[39m
[31m    at Module.require (node:internal/modules/cjs/loader:1143:19)[39m
[31m    at require (node:internal/modules/cjs/helpers:119:18)[39m
[31m    at Object.<anonymous> (C:\Users\kaveenprabodhya\Desktop\Vacation4U-reservations-node-rest-app\controllers\activity\Activity_Controller.js:2:18)[39m
[31m    at Module._compile (node:internal/modules/cjs/loader:1256:14)[39m
[31m    at Module._extensions..js (node:internal/modules/cjs/loader:1310:10)[39m
[31m    at Module.load (node:internal/modules/cjs/loader:1119:32)[39m
[31m    at Module._load (node:internal/modules/cjs/loader:960:12)[39m
[31m    at Module.require (node:internal/modules/cjs/loader:1143:19)[39m
16/11/2023, 00:35:11 [31merror[39m: [31muncaughtException: Cannot find module '../../../controllers/activity/Activity_Controller'[39m
[31mRequire stack:[39m
[31m- C:\Users\kaveenprabodhya\Desktop\Vacation4U-reservations-node-rest-app\routes\agent\AgentRoutes.js[39m
[31m- C:\Users\kaveenprabodhya\Desktop\Vacation4U-reservations-node-rest-app\startup\routes.js[39m
[31m- C:\Users\kaveenprabodhya\Desktop\Vacation4U-reservations-node-rest-app\index.js[39m
[31mError: Cannot find module '../../../controllers/activity/Activity_Controller'[39m
[31mRequire stack:[39m
[31m- C:\Users\kaveenprabodhya\Desktop\Vacation4U-reservations-node-rest-app\routes\agent\AgentRoutes.js[39m
[31m- C:\Users\kaveenprabodhya\Desktop\Vacation4U-reservations-node-rest-app\startup\routes.js[39m
[31m- C:\Users\kaveenprabodhya\Desktop\Vacation4U-reservations-node-rest-app\index.js[39m
[31m    at Module._resolveFilename (node:internal/modules/cjs/loader:1077:15)[39m
[31m    at Module._load (node:internal/modules/cjs/loader:922:27)[39m
[31m    at Module.require (node:internal/modules/cjs/loader:1143:19)[39m
[31m    at require (node:internal/modules/cjs/helpers:119:18)[39m
[31m    at Object.<anonymous> (C:\Users\kaveenprabodhya\Desktop\Vacation4U-reservations-node-rest-app\routes\agent\AgentRoutes.js:11:5)[39m
[31m    at Module._compile (node:internal/modules/cjs/loader:1256:14)[39m
[31m    at Module._extensions..js (node:internal/modules/cjs/loader:1310:10)[39m
[31m    at Module.load (node:internal/modules/cjs/loader:1119:32)[39m
[31m    at Module._load (node:internal/modules/cjs/loader:960:12)[39m
[31m    at Module.require (node:internal/modules/cjs/loader:1143:19)[39m
16/11/2023, 00:36:02 [31merror[39m: [31muncaughtException: Cannot find module '../models/Activity'[39m
[31mRequire stack:[39m
[31m- C:\Users\kaveenprabodhya\Desktop\Vacation4U-reservations-node-rest-app\controllers\activity\Activity_Controller.js[39m
[31m- C:\Users\kaveenprabodhya\Desktop\Vacation4U-reservations-node-rest-app\routes\agent\AgentRoutes.js[39m
[31m- C:\Users\kaveenprabodhya\Desktop\Vacation4U-reservations-node-rest-app\startup\routes.js[39m
[31m- C:\Users\kaveenprabodhya\Desktop\Vacation4U-reservations-node-rest-app\index.js[39m
[31mError: Cannot find module '../models/Activity'[39m
[31mRequire stack:[39m
[31m- C:\Users\kaveenprabodhya\Desktop\Vacation4U-reservations-node-rest-app\controllers\activity\Activity_Controller.js[39m
[31m- C:\Users\kaveenprabodhya\Desktop\Vacation4U-reservations-node-rest-app\routes\agent\AgentRoutes.js[39m
[31m- C:\Users\kaveenprabodhya\Desktop\Vacation4U-reservations-node-rest-app\startup\routes.js[39m
[31m- C:\Users\kaveenprabodhya\Desktop\Vacation4U-reservations-node-rest-app\index.js[39m
[31m    at Module._resolveFilename (node:internal/modules/cjs/loader:1077:15)[39m
[31m    at Module._load (node:internal/modules/cjs/loader:922:27)[39m
[31m    at Module.require (node:internal/modules/cjs/loader:1143:19)[39m
[31m    at require (node:internal/modules/cjs/helpers:119:18)[39m
[31m    at Object.<anonymous> (C:\Users\kaveenprabodhya\Desktop\Vacation4U-reservations-node-rest-app\controllers\activity\Activity_Controller.js:2:18)[39m
[31m    at Module._compile (node:internal/modules/cjs/loader:1256:14)[39m
[31m    at Module._extensions..js (node:internal/modules/cjs/loader:1310:10)[39m
[31m    at Module.load (node:internal/modules/cjs/loader:1119:32)[39m
[31m    at Module._load (node:internal/modules/cjs/loader:960:12)[39m
[31m    at Module.require (node:internal/modules/cjs/loader:1143:19)[39m
16/11/2023, 00:36:17 [31merror[39m: [31muncaughtException: Cannot find module '../models/Activity'[39m
[31mRequire stack:[39m
[31m- C:\Users\kaveenprabodhya\Desktop\Vacation4U-reservations-node-rest-app\controllers\activity\Activity_Controller.js[39m
[31m- C:\Users\kaveenprabodhya\Desktop\Vacation4U-reservations-node-rest-app\routes\agent\AgentRoutes.js[39m
[31m- C:\Users\kaveenprabodhya\Desktop\Vacation4U-reservations-node-rest-app\startup\routes.js[39m
[31m- C:\Users\kaveenprabodhya\Desktop\Vacation4U-reservations-node-rest-app\index.js[39m
[31mError: Cannot find module '../models/Activity'[39m
[31mRequire stack:[39m
[31m- C:\Users\kaveenprabodhya\Desktop\Vacation4U-reservations-node-rest-app\controllers\activity\Activity_Controller.js[39m
[31m- C:\Users\kaveenprabodhya\Desktop\Vacation4U-reservations-node-rest-app\routes\agent\AgentRoutes.js[39m
[31m- C:\Users\kaveenprabodhya\Desktop\Vacation4U-reservations-node-rest-app\startup\routes.js[39m
[31m- C:\Users\kaveenprabodhya\Desktop\Vacation4U-reservations-node-rest-app\index.js[39m
[31m    at Module._resolveFilename (node:internal/modules/cjs/loader:1077:15)[39m
[31m    at Module._load (node:internal/modules/cjs/loader:922:27)[39m
[31m    at Module.require (node:internal/modules/cjs/loader:1143:19)[39m
[31m    at require (node:internal/modules/cjs/helpers:119:18)[39m
[31m    at Object.<anonymous> (C:\Users\kaveenprabodhya\Desktop\Vacation4U-reservations-node-rest-app\controllers\activity\Activity_Controller.js:2:18)[39m
[31m    at Module._compile (node:internal/modules/cjs/loader:1256:14)[39m
[31m    at Module._extensions..js (node:internal/modules/cjs/loader:1310:10)[39m
[31m    at Module.load (node:internal/modules/cjs/loader:1119:32)[39m
[31m    at Module._load (node:internal/modules/cjs/loader:960:12)[39m
[31m    at Module.require (node:internal/modules/cjs/loader:1143:19)[39m
16/11/2023, 00:36:44 [31merror[39m: [31muncaughtException: Cannot find module '../../models/Activity'[39m
[31mRequire stack:[39m
[31m- C:\Users\kaveenprabodhya\Desktop\Vacation4U-reservations-node-rest-app\controllers\activity\Activity_Controller.js[39m
[31m- C:\Users\kaveenprabodhya\Desktop\Vacation4U-reservations-node-rest-app\routes\agent\AgentRoutes.js[39m
[31m- C:\Users\kaveenprabodhya\Desktop\Vacation4U-reservations-node-rest-app\startup\routes.js[39m
[31m- C:\Users\kaveenprabodhya\Desktop\Vacation4U-reservations-node-rest-app\index.js[39m
[31mError: Cannot find module '../../models/Activity'[39m
[31mRequire stack:[39m
[31m- C:\Users\kaveenprabodhya\Desktop\Vacation4U-reservations-node-rest-app\controllers\activity\Activity_Controller.js[39m
[31m- C:\Users\kaveenprabodhya\Desktop\Vacation4U-reservations-node-rest-app\routes\agent\AgentRoutes.js[39m
[31m- C:\Users\kaveenprabodhya\Desktop\Vacation4U-reservations-node-rest-app\startup\routes.js[39m
[31m- C:\Users\kaveenprabodhya\Desktop\Vacation4U-reservations-node-rest-app\index.js[39m
[31m    at Module._resolveFilename (node:internal/modules/cjs/loader:1077:15)[39m
[31m    at Module._load (node:internal/modules/cjs/loader:922:27)[39m
[31m    at Module.require (node:internal/modules/cjs/loader:1143:19)[39m
[31m    at require (node:internal/modules/cjs/helpers:119:18)[39m
[31m    at Object.<anonymous> (C:\Users\kaveenprabodhya\Desktop\Vacation4U-reservations-node-rest-app\controllers\activity\Activity_Controller.js:2:18)[39m
[31m    at Module._compile (node:internal/modules/cjs/loader:1256:14)[39m
[31m    at Module._extensions..js (node:internal/modules/cjs/loader:1310:10)[39m
[31m    at Module.load (node:internal/modules/cjs/loader:1119:32)[39m
[31m    at Module._load (node:internal/modules/cjs/loader:960:12)[39m
[31m    at Module.require (node:internal/modules/cjs/loader:1143:19)[39m
16/11/2023, 00:37:37 [31merror[39m: [31muncaughtException: Cannot find module '../../controllers/Cruise_Controller'[39m
[31mRequire stack:[39m
[31m- C:\Users\kaveenprabodhya\Desktop\Vacation4U-reservations-node-rest-app\routes\agent\AgentRoutes.js[39m
[31m- C:\Users\kaveenprabodhya\Desktop\Vacation4U-reservations-node-rest-app\startup\routes.js[39m
[31m- C:\Users\kaveenprabodhya\Desktop\Vacation4U-reservations-node-rest-app\index.js[39m
[31mError: Cannot find module '../../controllers/Cruise_Controller'[39m
[31mRequire stack:[39m
[31m- C:\Users\kaveenprabodhya\Desktop\Vacation4U-reservations-node-rest-app\routes\agent\AgentRoutes.js[39m
[31m- C:\Users\kaveenprabodhya\Desktop\Vacation4U-reservations-node-rest-app\startup\routes.js[39m
[31m- C:\Users\kaveenprabodhya\Desktop\Vacation4U-reservations-node-rest-app\index.js[39m
[31m    at Module._resolveFilename (node:internal/modules/cjs/loader:1077:15)[39m
[31m    at Module._load (node:internal/modules/cjs/loader:922:27)[39m
[31m    at Module.require (node:internal/modules/cjs/loader:1143:19)[39m
[31m    at require (node:internal/modules/cjs/helpers:119:18)[39m
[31m    at Object.<anonymous> (C:\Users\kaveenprabodhya\Desktop\Vacation4U-reservations-node-rest-app\routes\agent\AgentRoutes.js:20:5)[39m
[31m    at Module._compile (node:internal/modules/cjs/loader:1256:14)[39m
[31m    at Module._extensions..js (node:internal/modules/cjs/loader:1310:10)[39m
[31m    at Module.load (node:internal/modules/cjs/loader:1119:32)[39m
[31m    at Module._load (node:internal/modules/cjs/loader:960:12)[39m
[31m    at Module.require (node:internal/modules/cjs/loader:1143:19)[39m
16/11/2023, 00:42:54 [31merror[39m: [31muncaughtException: Cannot find module '../../controllers/Cruise_Controller'[39m
[31mRequire stack:[39m
[31m- C:\Users\kaveenprabodhya\Desktop\Vacation4U-reservations-node-rest-app\routes\agent\AgentRoutes.js[39m
[31m- C:\Users\kaveenprabodhya\Desktop\Vacation4U-reservations-node-rest-app\startup\routes.js[39m
[31m- C:\Users\kaveenprabodhya\Desktop\Vacation4U-reservations-node-rest-app\index.js[39m
[31mError: Cannot find module '../../controllers/Cruise_Controller'[39m
[31mRequire stack:[39m
[31m- C:\Users\kaveenprabodhya\Desktop\Vacation4U-reservations-node-rest-app\routes\agent\AgentRoutes.js[39m
[31m- C:\Users\kaveenprabodhya\Desktop\Vacation4U-reservations-node-rest-app\startup\routes.js[39m
[31m- C:\Users\kaveenprabodhya\Desktop\Vacation4U-reservations-node-rest-app\index.js[39m
[31m    at Module._resolveFilename (node:internal/modules/cjs/loader:1077:15)[39m
[31m    at Module._load (node:internal/modules/cjs/loader:922:27)[39m
[31m    at Module.require (node:internal/modules/cjs/loader:1143:19)[39m
[31m    at require (node:internal/modules/cjs/helpers:119:18)[39m
[31m    at Object.<anonymous> (C:\Users\kaveenprabodhya\Desktop\Vacation4U-reservations-node-rest-app\routes\agent\AgentRoutes.js:20:5)[39m
[31m    at Module._compile (node:internal/modules/cjs/loader:1256:14)[39m
[31m    at Module._extensions..js (node:internal/modules/cjs/loader:1310:10)[39m
[31m    at Module.load (node:internal/modules/cjs/loader:1119:32)[39m
[31m    at Module._load (node:internal/modules/cjs/loader:960:12)[39m
[31m    at Module.require (node:internal/modules/cjs/loader:1143:19)[39m
16/11/2023, 00:43:09 [31merror[39m: [31muncaughtException: Cannot find module '../../controllers/Cruise_Controller'[39m
[31mRequire stack:[39m
[31m- C:\Users\kaveenprabodhya\Desktop\Vacation4U-reservations-node-rest-app\routes\agent\AgentRoutes.js[39m
[31m- C:\Users\kaveenprabodhya\Desktop\Vacation4U-reservations-node-rest-app\startup\routes.js[39m
[31m- C:\Users\kaveenprabodhya\Desktop\Vacation4U-reservations-node-rest-app\index.js[39m
[31mError: Cannot find module '../../controllers/Cruise_Controller'[39m
[31mRequire stack:[39m
[31m- C:\Users\kaveenprabodhya\Desktop\Vacation4U-reservations-node-rest-app\routes\agent\AgentRoutes.js[39m
[31m- C:\Users\kaveenprabodhya\Desktop\Vacation4U-reservations-node-rest-app\startup\routes.js[39m
[31m- C:\Users\kaveenprabodhya\Desktop\Vacation4U-reservations-node-rest-app\index.js[39m
[31m    at Module._resolveFilename (node:internal/modules/cjs/loader:1077:15)[39m
[31m    at Module._load (node:internal/modules/cjs/loader:922:27)[39m
[31m    at Module.require (node:internal/modules/cjs/loader:1143:19)[39m
[31m    at require (node:internal/modules/cjs/helpers:119:18)[39m
[31m    at Object.<anonymous> (C:\Users\kaveenprabodhya\Desktop\Vacation4U-reservations-node-rest-app\routes\agent\AgentRoutes.js:20:5)[39m
[31m    at Module._compile (node:internal/modules/cjs/loader:1256:14)[39m
[31m    at Module._extensions..js (node:internal/modules/cjs/loader:1310:10)[39m
[31m    at Module.load (node:internal/modules/cjs/loader:1119:32)[39m
[31m    at Module._load (node:internal/modules/cjs/loader:960:12)[39m
[31m    at Module.require (node:internal/modules/cjs/loader:1143:19)[39m
16/11/2023, 00:43:26 [31merror[39m: [31muncaughtException: Cannot find module '../../controllers/Cruise_Controller'[39m
[31mRequire stack:[39m
[31m- C:\Users\kaveenprabodhya\Desktop\Vacation4U-reservations-node-rest-app\routes\agent\AgentRoutes.js[39m
[31m- C:\Users\kaveenprabodhya\Desktop\Vacation4U-reservations-node-rest-app\startup\routes.js[39m
[31m- C:\Users\kaveenprabodhya\Desktop\Vacation4U-reservations-node-rest-app\index.js[39m
[31mError: Cannot find module '../../controllers/Cruise_Controller'[39m
[31mRequire stack:[39m
[31m- C:\Users\kaveenprabodhya\Desktop\Vacation4U-reservations-node-rest-app\routes\agent\AgentRoutes.js[39m
[31m- C:\Users\kaveenprabodhya\Desktop\Vacation4U-reservations-node-rest-app\startup\routes.js[39m
[31m- C:\Users\kaveenprabodhya\Desktop\Vacation4U-reservations-node-rest-app\index.js[39m
[31m    at Module._resolveFilename (node:internal/modules/cjs/loader:1077:15)[39m
[31m    at Module._load (node:internal/modules/cjs/loader:922:27)[39m
[31m    at Module.require (node:internal/modules/cjs/loader:1143:19)[39m
[31m    at require (node:internal/modules/cjs/helpers:119:18)[39m
[31m    at Object.<anonymous> (C:\Users\kaveenprabodhya\Desktop\Vacation4U-reservations-node-rest-app\routes\agent\AgentRoutes.js:20:5)[39m
[31m    at Module._compile (node:internal/modules/cjs/loader:1256:14)[39m
[31m    at Module._extensions..js (node:internal/modules/cjs/loader:1310:10)[39m
[31m    at Module.load (node:internal/modules/cjs/loader:1119:32)[39m
[31m    at Module._load (node:internal/modules/cjs/loader:960:12)[39m
[31m    at Module.require (node:internal/modules/cjs/loader:1143:19)[39m
16/11/2023, 00:44:25 [31merror[39m: [31muncaughtException: Cannot find module '../../controllers/Holiday_Controller'[39m
[31mRequire stack:[39m
[31m- C:\Users\kaveenprabodhya\Desktop\Vacation4U-reservations-node-rest-app\routes\agent\AgentRoutes.js[39m
[31m- C:\Users\kaveenprabodhya\Desktop\Vacation4U-reservations-node-rest-app\startup\routes.js[39m
[31m- C:\Users\kaveenprabodhya\Desktop\Vacation4U-reservations-node-rest-app\index.js[39m
[31mError: Cannot find module '../../controllers/Holiday_Controller'[39m
[31mRequire stack:[39m
[31m- C:\Users\kaveenprabodhya\Desktop\Vacation4U-reservations-node-rest-app\routes\agent\AgentRoutes.js[39m
[31m- C:\Users\kaveenprabodhya\Desktop\Vacation4U-reservations-node-rest-app\startup\routes.js[39m
[31m- C:\Users\kaveenprabodhya\Desktop\Vacation4U-reservations-node-rest-app\index.js[39m
[31m    at Module._resolveFilename (node:internal/modules/cjs/loader:1077:15)[39m
[31m    at Module._load (node:internal/modules/cjs/loader:922:27)[39m
[31m    at Module.require (node:internal/modules/cjs/loader:1143:19)[39m
[31m    at require (node:internal/modules/cjs/helpers:119:18)[39m
[31m    at Object.<anonymous> (C:\Users\kaveenprabodhya\Desktop\Vacation4U-reservations-node-rest-app\routes\agent\AgentRoutes.js:19:5)[39m
[31m    at Module._compile (node:internal/modules/cjs/loader:1256:14)[39m
[31m    at Module._extensions..js (node:internal/modules/cjs/loader:1310:10)[39m
[31m    at Module.load (node:internal/modules/cjs/loader:1119:32)[39m
[31m    at Module._load (node:internal/modules/cjs/loader:960:12)[39m
[31m    at Module.require (node:internal/modules/cjs/loader:1143:19)[39m
16/11/2023, 00:44:57 [31merror[39m: [31muncaughtException: Cannot find module '../../controllers/Holiday_Controller'[39m
[31mRequire stack:[39m
[31m- C:\Users\kaveenprabodhya\Desktop\Vacation4U-reservations-node-rest-app\routes\agent\AgentRoutes.js[39m
[31m- C:\Users\kaveenprabodhya\Desktop\Vacation4U-reservations-node-rest-app\startup\routes.js[39m
[31m- C:\Users\kaveenprabodhya\Desktop\Vacation4U-reservations-node-rest-app\index.js[39m
[31mError: Cannot find module '../../controllers/Holiday_Controller'[39m
[31mRequire stack:[39m
[31m- C:\Users\kaveenprabodhya\Desktop\Vacation4U-reservations-node-rest-app\routes\agent\AgentRoutes.js[39m
[31m- C:\Users\kaveenprabodhya\Desktop\Vacation4U-reservations-node-rest-app\startup\routes.js[39m
[31m- C:\Users\kaveenprabodhya\Desktop\Vacation4U-reservations-node-rest-app\index.js[39m
[31m    at Module._resolveFilename (node:internal/modules/cjs/loader:1077:15)[39m
[31m    at Module._load (node:internal/modules/cjs/loader:922:27)[39m
[31m    at Module.require (node:internal/modules/cjs/loader:1143:19)[39m
[31m    at require (node:internal/modules/cjs/helpers:119:18)[39m
[31m    at Object.<anonymous> (C:\Users\kaveenprabodhya\Desktop\Vacation4U-reservations-node-rest-app\routes\agent\AgentRoutes.js:19:5)[39m
[31m    at Module._compile (node:internal/modules/cjs/loader:1256:14)[39m
[31m    at Module._extensions..js (node:internal/modules/cjs/loader:1310:10)[39m
[31m    at Module.load (node:internal/modules/cjs/loader:1119:32)[39m
[31m    at Module._load (node:internal/modules/cjs/loader:960:12)[39m
[31m    at Module.require (node:internal/modules/cjs/loader:1143:19)[39m
16/11/2023, 00:45:59 [31merror[39m: [31muncaughtException: Cannot find module '../../models/Holiday'[39m
[31mRequire stack:[39m
[31m- C:\Users\kaveenprabodhya\Desktop\Vacation4U-reservations-node-rest-app\controllers\holiday\Holiday_Controller.js[39m
[31m- C:\Users\kaveenprabodhya\Desktop\Vacation4U-reservations-node-rest-app\routes\agent\AgentRoutes.js[39m
[31m- C:\Users\kaveenprabodhya\Desktop\Vacation4U-reservations-node-rest-app\startup\routes.js[39m
[31m- C:\Users\kaveenprabodhya\Desktop\Vacation4U-reservations-node-rest-app\index.js[39m
[31mError: Cannot find module '../../models/Holiday'[39m
[31mRequire stack:[39m
[31m- C:\Users\kaveenprabodhya\Desktop\Vacation4U-reservations-node-rest-app\controllers\holiday\Holiday_Controller.js[39m
[31m- C:\Users\kaveenprabodhya\Desktop\Vacation4U-reservations-node-rest-app\routes\agent\AgentRoutes.js[39m
[31m- C:\Users\kaveenprabodhya\Desktop\Vacation4U-reservations-node-rest-app\startup\routes.js[39m
[31m- C:\Users\kaveenprabodhya\Desktop\Vacation4U-reservations-node-rest-app\index.js[39m
[31m    at Module._resolveFilename (node:internal/modules/cjs/loader:1077:15)[39m
[31m    at Module._load (node:internal/modules/cjs/loader:922:27)[39m
[31m    at Module.require (node:internal/modules/cjs/loader:1143:19)[39m
[31m    at require (node:internal/modules/cjs/helpers:119:18)[39m
[31m    at Object.<anonymous> (C:\Users\kaveenprabodhya\Desktop\Vacation4U-reservations-node-rest-app\controllers\holiday\Holiday_Controller.js:2:17)[39m
[31m    at Module._compile (node:internal/modules/cjs/loader:1256:14)[39m
[31m    at Module._extensions..js (node:internal/modules/cjs/loader:1310:10)[39m
[31m    at Module.load (node:internal/modules/cjs/loader:1119:32)[39m
[31m    at Module._load (node:internal/modules/cjs/loader:960:12)[39m
[31m    at Module.require (node:internal/modules/cjs/loader:1143:19)[39m
16/11/2023, 00:46:35 [31merror[39m: [31muncaughtException: Cannot find module '../../models/Holiday'[39m
[31mRequire stack:[39m
[31m- C:\Users\kaveenprabodhya\Desktop\Vacation4U-reservations-node-rest-app\controllers\holiday\Holiday_Controller.js[39m
[31m- C:\Users\kaveenprabodhya\Desktop\Vacation4U-reservations-node-rest-app\routes\agent\AgentRoutes.js[39m
[31m- C:\Users\kaveenprabodhya\Desktop\Vacation4U-reservations-node-rest-app\startup\routes.js[39m
[31m- C:\Users\kaveenprabodhya\Desktop\Vacation4U-reservations-node-rest-app\index.js[39m
[31mError: Cannot find module '../../models/Holiday'[39m
[31mRequire stack:[39m
[31m- C:\Users\kaveenprabodhya\Desktop\Vacation4U-reservations-node-rest-app\controllers\holiday\Holiday_Controller.js[39m
[31m- C:\Users\kaveenprabodhya\Desktop\Vacation4U-reservations-node-rest-app\routes\agent\AgentRoutes.js[39m
[31m- C:\Users\kaveenprabodhya\Desktop\Vacation4U-reservations-node-rest-app\startup\routes.js[39m
[31m- C:\Users\kaveenprabodhya\Desktop\Vacation4U-reservations-node-rest-app\index.js[39m
[31m    at Module._resolveFilename (node:internal/modules/cjs/loader:1077:15)[39m
[31m    at Module._load (node:internal/modules/cjs/loader:922:27)[39m
[31m    at Module.require (node:internal/modules/cjs/loader:1143:19)[39m
[31m    at require (node:internal/modules/cjs/helpers:119:18)[39m
[31m    at Object.<anonymous> (C:\Users\kaveenprabodhya\Desktop\Vacation4U-reservations-node-rest-app\controllers\holiday\Holiday_Controller.js:2:17)[39m
[31m    at Module._compile (node:internal/modules/cjs/loader:1256:14)[39m
[31m    at Module._extensions..js (node:internal/modules/cjs/loader:1310:10)[39m
[31m    at Module.load (node:internal/modules/cjs/loader:1119:32)[39m
[31m    at Module._load (node:internal/modules/cjs/loader:960:12)[39m
[31m    at Module.require (node:internal/modules/cjs/loader:1143:19)[39m
16/11/2023, 00:46:48 [31merror[39m: [31muncaughtException: Cannot overwrite `Cart` model once compiled.[39m
[31mOverwriteModelError: Cannot overwrite `Cart` model once compiled.[39m
[31m    at Mongoose.model (C:\Users\kaveenprabodhya\Desktop\Vacation4U-reservations-node-rest-app\node_modules\mongoose\lib\mongoose.js:561:13)[39m
[31m    at Object.<anonymous> (C:\Users\kaveenprabodhya\Desktop\Vacation4U-reservations-node-rest-app\models\cart\Cart.js:22:23)[39m
[31m    at Module._compile (node:internal/modules/cjs/loader:1256:14)[39m
[31m    at Module._extensions..js (node:internal/modules/cjs/loader:1310:10)[39m
[31m    at Module.load (node:internal/modules/cjs/loader:1119:32)[39m
[31m    at Module._load (node:internal/modules/cjs/loader:960:12)[39m
[31m    at Module.require (node:internal/modules/cjs/loader:1143:19)[39m
[31m    at require (node:internal/modules/cjs/helpers:119:18)[39m
[31m    at Object.<anonymous> (C:\Users\kaveenprabodhya\Desktop\Vacation4U-reservations-node-rest-app\controllers\holiday\CartController.js:3:14)[39m
[31m    at Module._compile (node:internal/modules/cjs/loader:1256:14)[39m
16/11/2023, 01:25:48 [31merror[39m: [31muncaughtException: Cannot overwrite `Cart` model once compiled.[39m
[31mOverwriteModelError: Cannot overwrite `Cart` model once compiled.[39m
[31m    at Mongoose.model (C:\Users\kaveenprabodhya\Desktop\Vacation4U-reservations-node-rest-app\node_modules\mongoose\lib\mongoose.js:561:13)[39m
[31m    at Object.<anonymous> (C:\Users\kaveenprabodhya\Desktop\Vacation4U-reservations-node-rest-app\models\cart\Cart.js:22:23)[39m
[31m    at Module._compile (node:internal/modules/cjs/loader:1256:14)[39m
[31m    at Module._extensions..js (node:internal/modules/cjs/loader:1310:10)[39m
[31m    at Module.load (node:internal/modules/cjs/loader:1119:32)[39m
[31m    at Module._load (node:internal/modules/cjs/loader:960:12)[39m
[31m    at Module.require (node:internal/modules/cjs/loader:1143:19)[39m
[31m    at require (node:internal/modules/cjs/helpers:119:18)[39m
[31m    at Object.<anonymous> (C:\Users\kaveenprabodhya\Desktop\Vacation4U-reservations-node-rest-app\controllers\holiday\CartController.js:3:14)[39m
[31m    at Module._compile (node:internal/modules/cjs/loader:1256:14)[39m
16/11/2023, 01:26:49 [31merror[39m: [31muncaughtException: Cannot find module '../controllers/EmployeeController'[39m
[31mRequire stack:[39m
[31m- C:\Users\kaveenprabodhya\Desktop\Vacation4U-reservations-node-rest-app\routes\employee\EmployeeRoutes.js[39m
[31m- C:\Users\kaveenprabodhya\Desktop\Vacation4U-reservations-node-rest-app\startup\routes.js[39m
[31m- C:\Users\kaveenprabodhya\Desktop\Vacation4U-reservations-node-rest-app\index.js[39m
[31mError: Cannot find module '../controllers/EmployeeController'[39m
[31mRequire stack:[39m
[31m- C:\Users\kaveenprabodhya\Desktop\Vacation4U-reservations-node-rest-app\routes\employee\EmployeeRoutes.js[39m
[31m- C:\Users\kaveenprabodhya\Desktop\Vacation4U-reservations-node-rest-app\startup\routes.js[39m
[31m- C:\Users\kaveenprabodhya\Desktop\Vacation4U-reservations-node-rest-app\index.js[39m
[31m    at Module._resolveFilename (node:internal/modules/cjs/loader:1077:15)[39m
[31m    at Module._load (node:internal/modules/cjs/loader:922:27)[39m
[31m    at Module.require (node:internal/modules/cjs/loader:1143:19)[39m
[31m    at require (node:internal/modules/cjs/helpers:119:18)[39m
[31m    at Object.<anonymous> (C:\Users\kaveenprabodhya\Desktop\Vacation4U-reservations-node-rest-app\routes\employee\EmployeeRoutes.js:13:5)[39m
[31m    at Module._compile (node:internal/modules/cjs/loader:1256:14)[39m
[31m    at Module._extensions..js (node:internal/modules/cjs/loader:1310:10)[39m
[31m    at Module.load (node:internal/modules/cjs/loader:1119:32)[39m
[31m    at Module._load (node:internal/modules/cjs/loader:960:12)[39m
[31m    at Module.require (node:internal/modules/cjs/loader:1143:19)[39m
16/11/2023, 01:27:36 [31merror[39m: [31muncaughtException: Cannot overwrite `Cart` model once compiled.[39m
[31mOverwriteModelError: Cannot overwrite `Cart` model once compiled.[39m
[31m    at Mongoose.model (C:\Users\kaveenprabodhya\Desktop\Vacation4U-reservations-node-rest-app\node_modules\mongoose\lib\mongoose.js:561:13)[39m
[31m    at Object.<anonymous> (C:\Users\kaveenprabodhya\Desktop\Vacation4U-reservations-node-rest-app\models\cart\Cart.js:22:23)[39m
[31m    at Module._compile (node:internal/modules/cjs/loader:1256:14)[39m
[31m    at Module._extensions..js (node:internal/modules/cjs/loader:1310:10)[39m
[31m    at Module.load (node:internal/modules/cjs/loader:1119:32)[39m
[31m    at Module._load (node:internal/modules/cjs/loader:960:12)[39m
[31m    at Module.require (node:internal/modules/cjs/loader:1143:19)[39m
[31m    at require (node:internal/modules/cjs/helpers:119:18)[39m
[31m    at Object.<anonymous> (C:\Users\kaveenprabodhya\Desktop\Vacation4U-reservations-node-rest-app\controllers\holiday\CartController.js:3:14)[39m
[31m    at Module._compile (node:internal/modules/cjs/loader:1256:14)[39m
16/11/2023, 01:27:56 [31merror[39m: [31muncaughtException: Cannot overwrite `Cart` model once compiled.[39m
[31mOverwriteModelError: Cannot overwrite `Cart` model once compiled.[39m
[31m    at Mongoose.model (C:\Users\kaveenprabodhya\Desktop\Vacation4U-reservations-node-rest-app\node_modules\mongoose\lib\mongoose.js:561:13)[39m
[31m    at Object.<anonymous> (C:\Users\kaveenprabodhya\Desktop\Vacation4U-reservations-node-rest-app\models\cart\Cart.js:22:23)[39m
[31m    at Module._compile (node:internal/modules/cjs/loader:1256:14)[39m
[31m    at Module._extensions..js (node:internal/modules/cjs/loader:1310:10)[39m
[31m    at Module.load (node:internal/modules/cjs/loader:1119:32)[39m
[31m    at Module._load (node:internal/modules/cjs/loader:960:12)[39m
[31m    at Module.require (node:internal/modules/cjs/loader:1143:19)[39m
[31m    at require (node:internal/modules/cjs/helpers:119:18)[39m
[31m    at Object.<anonymous> (C:\Users\kaveenprabodhya\Desktop\Vacation4U-reservations-node-rest-app\controllers\holiday\CartController.js:3:14)[39m
[31m    at Module._compile (node:internal/modules/cjs/loader:1256:14)[39m
16/11/2023, 01:28:54 [31merror[39m: [31muncaughtException: Cannot overwrite `Cart` model once compiled.[39m
[31mOverwriteModelError: Cannot overwrite `Cart` model once compiled.[39m
[31m    at Mongoose.model (C:\Users\kaveenprabodhya\Desktop\Vacation4U-reservations-node-rest-app\node_modules\mongoose\lib\mongoose.js:561:13)[39m
[31m    at Object.<anonymous> (C:\Users\kaveenprabodhya\Desktop\Vacation4U-reservations-node-rest-app\models\cart\Cart.js:22:23)[39m
[31m    at Module._compile (node:internal/modules/cjs/loader:1256:14)[39m
[31m    at Module._extensions..js (node:internal/modules/cjs/loader:1310:10)[39m
[31m    at Module.load (node:internal/modules/cjs/loader:1119:32)[39m
[31m    at Module._load (node:internal/modules/cjs/loader:960:12)[39m
[31m    at Module.require (node:internal/modules/cjs/loader:1143:19)[39m
[31m    at require (node:internal/modules/cjs/helpers:119:18)[39m
[31m    at Object.<anonymous> (C:\Users\kaveenprabodhya\Desktop\Vacation4U-reservations-node-rest-app\controllers\holiday\CartController.js:3:14)[39m
[31m    at Module._compile (node:internal/modules/cjs/loader:1256:14)[39m
16/11/2023, 01:29:23 [31merror[39m: [31muncaughtException: Cannot find module '../models/Activity'[39m
[31mRequire stack:[39m
[31m- C:\Users\kaveenprabodhya\Desktop\Vacation4U-reservations-node-rest-app\routes\office\OfficeRoutes.js[39m
[31m- C:\Users\kaveenprabodhya\Desktop\Vacation4U-reservations-node-rest-app\startup\routes.js[39m
[31m- C:\Users\kaveenprabodhya\Desktop\Vacation4U-reservations-node-rest-app\index.js[39m
[31mError: Cannot find module '../models/Activity'[39m
[31mRequire stack:[39m
[31m- C:\Users\kaveenprabodhya\Desktop\Vacation4U-reservations-node-rest-app\routes\office\OfficeRoutes.js[39m
[31m- C:\Users\kaveenprabodhya\Desktop\Vacation4U-reservations-node-rest-app\startup\routes.js[39m
[31m- C:\Users\kaveenprabodhya\Desktop\Vacation4U-reservations-node-rest-app\index.js[39m
[31m    at Module._resolveFilename (node:internal/modules/cjs/loader:1077:15)[39m
[31m    at Module._load (node:internal/modules/cjs/loader:922:27)[39m
[31m    at Module.require (node:internal/modules/cjs/loader:1143:19)[39m
[31m    at require (node:internal/modules/cjs/helpers:119:18)[39m
[31m    at Object.<anonymous> (C:\Users\kaveenprabodhya\Desktop\Vacation4U-reservations-node-rest-app\routes\office\OfficeRoutes.js:6:18)[39m
[31m    at Module._compile (node:internal/modules/cjs/loader:1256:14)[39m
[31m    at Module._extensions..js (node:internal/modules/cjs/loader:1310:10)[39m
[31m    at Module.load (node:internal/modules/cjs/loader:1119:32)[39m
[31m    at Module._load (node:internal/modules/cjs/loader:960:12)[39m
[31m    at Module.require (node:internal/modules/cjs/loader:1143:19)[39m
16/11/2023, 01:29:48 [31merror[39m: [31muncaughtException: Cannot find module '../models/Activity'[39m
[31mRequire stack:[39m
[31m- C:\Users\kaveenprabodhya\Desktop\Vacation4U-reservations-node-rest-app\routes\office\OfficeRoutes.js[39m
[31m- C:\Users\kaveenprabodhya\Desktop\Vacation4U-reservations-node-rest-app\startup\routes.js[39m
[31m- C:\Users\kaveenprabodhya\Desktop\Vacation4U-reservations-node-rest-app\index.js[39m
[31mError: Cannot find module '../models/Activity'[39m
[31mRequire stack:[39m
[31m- C:\Users\kaveenprabodhya\Desktop\Vacation4U-reservations-node-rest-app\routes\office\OfficeRoutes.js[39m
[31m- C:\Users\kaveenprabodhya\Desktop\Vacation4U-reservations-node-rest-app\startup\routes.js[39m
[31m- C:\Users\kaveenprabodhya\Desktop\Vacation4U-reservations-node-rest-app\index.js[39m
[31m    at Module._resolveFilename (node:internal/modules/cjs/loader:1077:15)[39m
[31m    at Module._load (node:internal/modules/cjs/loader:922:27)[39m
[31m    at Module.require (node:internal/modules/cjs/loader:1143:19)[39m
[31m    at require (node:internal/modules/cjs/helpers:119:18)[39m
[31m    at Object.<anonymous> (C:\Users\kaveenprabodhya\Desktop\Vacation4U-reservations-node-rest-app\routes\office\OfficeRoutes.js:6:18)[39m
[31m    at Module._compile (node:internal/modules/cjs/loader:1256:14)[39m
[31m    at Module._extensions..js (node:internal/modules/cjs/loader:1310:10)[39m
[31m    at Module.load (node:internal/modules/cjs/loader:1119:32)[39m
[31m    at Module._load (node:internal/modules/cjs/loader:960:12)[39m
[31m    at Module.require (node:internal/modules/cjs/loader:1143:19)[39m
16/11/2023, 01:30:11 [31merror[39m: [31muncaughtException: Cannot find module '../models/Activity'[39m
[31mRequire stack:[39m
[31m- C:\Users\kaveenprabodhya\Desktop\Vacation4U-reservations-node-rest-app\routes\office\OfficeRoutes.js[39m
[31m- C:\Users\kaveenprabodhya\Desktop\Vacation4U-reservations-node-rest-app\startup\routes.js[39m
[31m- C:\Users\kaveenprabodhya\Desktop\Vacation4U-reservations-node-rest-app\index.js[39m
[31mError: Cannot find module '../models/Activity'[39m
[31mRequire stack:[39m
[31m- C:\Users\kaveenprabodhya\Desktop\Vacation4U-reservations-node-rest-app\routes\office\OfficeRoutes.js[39m
[31m- C:\Users\kaveenprabodhya\Desktop\Vacation4U-reservations-node-rest-app\startup\routes.js[39m
[31m- C:\Users\kaveenprabodhya\Desktop\Vacation4U-reservations-node-rest-app\index.js[39m
[31m    at Module._resolveFilename (node:internal/modules/cjs/loader:1077:15)[39m
[31m    at Module._load (node:internal/modules/cjs/loader:922:27)[39m
[31m    at Module.require (node:internal/modules/cjs/loader:1143:19)[39m
[31m    at require (node:internal/modules/cjs/helpers:119:18)[39m
[31m    at Object.<anonymous> (C:\Users\kaveenprabodhya\Desktop\Vacation4U-reservations-node-rest-app\routes\office\OfficeRoutes.js:6:18)[39m
[31m    at Module._compile (node:internal/modules/cjs/loader:1256:14)[39m
[31m    at Module._extensions..js (node:internal/modules/cjs/loader:1310:10)[39m
[31m    at Module.load (node:internal/modules/cjs/loader:1119:32)[39m
[31m    at Module._load (node:internal/modules/cjs/loader:960:12)[39m
[31m    at Module.require (node:internal/modules/cjs/loader:1143:19)[39m
16/11/2023, 01:31:20 [31merror[39m: [31muncaughtException: Cannot find module '../models/Activity'[39m
[31mRequire stack:[39m
[31m- C:\Users\kaveenprabodhya\Desktop\Vacation4U-reservations-node-rest-app\controllers\office\OfficeController.js[39m
[31m- C:\Users\kaveenprabodhya\Desktop\Vacation4U-reservations-node-rest-app\routes\office\OfficeRoutes.js[39m
[31m- C:\Users\kaveenprabodhya\Desktop\Vacation4U-reservations-node-rest-app\startup\routes.js[39m
[31m- C:\Users\kaveenprabodhya\Desktop\Vacation4U-reservations-node-rest-app\index.js[39m
[31mError: Cannot find module '../models/Activity'[39m
[31mRequire stack:[39m
[31m- C:\Users\kaveenprabodhya\Desktop\Vacation4U-reservations-node-rest-app\controllers\office\OfficeController.js[39m
[31m- C:\Users\kaveenprabodhya\Desktop\Vacation4U-reservations-node-rest-app\routes\office\OfficeRoutes.js[39m
[31m- C:\Users\kaveenprabodhya\Desktop\Vacation4U-reservations-node-rest-app\startup\routes.js[39m
[31m- C:\Users\kaveenprabodhya\Desktop\Vacation4U-reservations-node-rest-app\index.js[39m
[31m    at Module._resolveFilename (node:internal/modules/cjs/loader:1077:15)[39m
[31m    at Module._load (node:internal/modules/cjs/loader:922:27)[39m
[31m    at Module.require (node:internal/modules/cjs/loader:1143:19)[39m
[31m    at require (node:internal/modules/cjs/helpers:119:18)[39m
[31m    at Object.<anonymous> (C:\Users\kaveenprabodhya\Desktop\Vacation4U-reservations-node-rest-app\controllers\office\OfficeController.js:2:18)[39m
[31m    at Module._compile (node:internal/modules/cjs/loader:1256:14)[39m
[31m    at Module._extensions..js (node:internal/modules/cjs/loader:1310:10)[39m
[31m    at Module.load (node:internal/modules/cjs/loader:1119:32)[39m
[31m    at Module._load (node:internal/modules/cjs/loader:960:12)[39m
[31m    at Module.require (node:internal/modules/cjs/loader:1143:19)[39m
16/11/2023, 01:31:29 [31merror[39m: [31muncaughtException: Cannot find module '../models/Activity'[39m
[31mRequire stack:[39m
[31m- C:\Users\kaveenprabodhya\Desktop\Vacation4U-reservations-node-rest-app\controllers\office\OfficeController.js[39m
[31m- C:\Users\kaveenprabodhya\Desktop\Vacation4U-reservations-node-rest-app\routes\office\OfficeRoutes.js[39m
[31m- C:\Users\kaveenprabodhya\Desktop\Vacation4U-reservations-node-rest-app\startup\routes.js[39m
[31m- C:\Users\kaveenprabodhya\Desktop\Vacation4U-reservations-node-rest-app\index.js[39m
[31mError: Cannot find module '../models/Activity'[39m
[31mRequire stack:[39m
[31m- C:\Users\kaveenprabodhya\Desktop\Vacation4U-reservations-node-rest-app\controllers\office\OfficeController.js[39m
[31m- C:\Users\kaveenprabodhya\Desktop\Vacation4U-reservations-node-rest-app\routes\office\OfficeRoutes.js[39m
[31m- C:\Users\kaveenprabodhya\Desktop\Vacation4U-reservations-node-rest-app\startup\routes.js[39m
[31m- C:\Users\kaveenprabodhya\Desktop\Vacation4U-reservations-node-rest-app\index.js[39m
[31m    at Module._resolveFilename (node:internal/modules/cjs/loader:1077:15)[39m
[31m    at Module._load (node:internal/modules/cjs/loader:922:27)[39m
[31m    at Module.require (node:internal/modules/cjs/loader:1143:19)[39m
[31m    at require (node:internal/modules/cjs/helpers:119:18)[39m
[31m    at Object.<anonymous> (C:\Users\kaveenprabodhya\Desktop\Vacation4U-reservations-node-rest-app\controllers\office\OfficeController.js:2:18)[39m
[31m    at Module._compile (node:internal/modules/cjs/loader:1256:14)[39m
[31m    at Module._extensions..js (node:internal/modules/cjs/loader:1310:10)[39m
[31m    at Module.load (node:internal/modules/cjs/loader:1119:32)[39m
[31m    at Module._load (node:internal/modules/cjs/loader:960:12)[39m
[31m    at Module.require (node:internal/modules/cjs/loader:1143:19)[39m
16/11/2023, 01:33:00 [31merror[39m: [31muncaughtException: error is not defined[39m
[31mReferenceError: error is not defined[39m
[31m    at module.exports (C:\Users\kaveenprabodhya\Desktop\Vacation4U-reservations-node-rest-app\startup\routes.js:22:11)[39m
[31m    at Object.<anonymous> (C:\Users\kaveenprabodhya\Desktop\Vacation4U-reservations-node-rest-app\index.js:6:28)[39m
[31m    at Module._compile (node:internal/modules/cjs/loader:1256:14)[39m
[31m    at Module._extensions..js (node:internal/modules/cjs/loader:1310:10)[39m
[31m    at Module.load (node:internal/modules/cjs/loader:1119:32)[39m
[31m    at Module._load (node:internal/modules/cjs/loader:960:12)[39m
[31m    at Function.executeUserEntryPoint [as runMain] (node:internal/modules/run_main:86:12)[39m
[31m    at node:internal/main/run_main_module:23:47[39m
16/11/2023, 02:11:20 [31merror[39m: [31muncaughtException: Route.get() requires a callback function but got a [object Undefined][39m
[31mError: Route.get() requires a callback function but got a [object Undefined][39m
[31m    at Route.<computed> [as get] (C:\Users\kaveenprabodhya\Desktop\Vacation4U-reservations-node-rest-app\node_modules\express\lib\router\route.js:211:15)[39m
[31m    at proto.<computed> [as get] (C:\Users\kaveenprabodhya\Desktop\Vacation4U-reservations-node-rest-app\node_modules\express\lib\router\index.js:521:19)[39m
[31m    at Object.<anonymous> (C:\Users\kaveenprabodhya\Desktop\Vacation4U-reservations-node-rest-app\routes\cruise\cruiseBookings.js:34:8)[39m
[31m    at Module._compile (node:internal/modules/cjs/loader:1256:14)[39m
[31m    at Module._extensions..js (node:internal/modules/cjs/loader:1310:10)[39m
[31m    at Module.load (node:internal/modules/cjs/loader:1119:32)[39m
[31m    at Module._load (node:internal/modules/cjs/loader:960:12)[39m
[31m    at Module.require (node:internal/modules/cjs/loader:1143:19)[39m
[31m    at require (node:internal/modules/cjs/helpers:119:18)[39m
[31m    at Object.<anonymous> (C:\Users\kaveenprabodhya\Desktop\Vacation4U-reservations-node-rest-app\startup\routes.js:3:23)[39m
16/11/2023, 02:21:10 [31merror[39m: [31muncaughtException: Cannot read properties of null (reading 'orderStatus')[39m
[31mTypeError: Cannot read properties of null (reading 'orderStatus')[39m
[31m    at exports.getOrderStatusForUser (C:\Users\kaveenprabodhya\Desktop\Vacation4U-reservations-node-rest-app\controllers\cruise\cruiseBookingController.js:399:33)[39m
[31m    at process.processTicksAndRejections (node:internal/process/task_queues:95:5)[39m
16/11/2023, 02:24:42 [31merror[39m: [31muncaughtException: Cannot read properties of null (reading 'orderStatus')[39m
[31mTypeError: Cannot read properties of null (reading 'orderStatus')[39m
[31m    at exports.getOrderStatusForUser (C:\Users\kaveenprabodhya\Desktop\Vacation4U-reservations-node-rest-app\controllers\cruise\cruiseBookingController.js:399:33)[39m
[31m    at process.processTicksAndRejections (node:internal/process/task_queues:95:5)[39m
16/11/2023, 02:55:43 [31merror[39m: [31muncaughtException: Unexpected end of input[39m
[31mC:\Users\kaveenprabodhya\Desktop\Vacation4U-reservations-node-rest-app\controllers\cruise\cruiseController.js:292[39m



[31mSyntaxError: Unexpected end of input[39m
[31m    at internalCompileFunction (node:internal/vm:73:18)[39m
[31m    at wrapSafe (node:internal/modules/cjs/loader:1178:20)[39m
[31m    at Module._compile (node:internal/modules/cjs/loader:1220:27)[39m
[31m    at Module._extensions..js (node:internal/modules/cjs/loader:1310:10)[39m
[31m    at Module.load (node:internal/modules/cjs/loader:1119:32)[39m
[31m    at Module._load (node:internal/modules/cjs/loader:960:12)[39m
[31m    at Module.require (node:internal/modules/cjs/loader:1143:19)[39m
[31m    at require (node:internal/modules/cjs/helpers:119:18)[39m
[31m    at Object.<anonymous> (C:\Users\kaveenprabodhya\Desktop\Vacation4U-reservations-node-rest-app\routes\cruise\cruises.js:5:16)[39m
[31m    at Module._compile (node:internal/modules/cjs/loader:1256:14)[39m
16/11/2023, 03:10:35 [31merror[39m: [31muncaughtException: Parameter "filter" to find() must be an object, got "COASTAL CRUISE" (type string)[39m
[31mObjectParameterError: Parameter "filter" to find() must be an object, got "COASTAL CRUISE" (type string)[39m
[31m    at Query.find (C:\Users\kaveenprabodhya\Desktop\Vacation4U-reservations-node-rest-app\node_modules\mongoose\lib\query.js:2317:16)[39m
[31m    at Function.find (C:\Users\kaveenprabodhya\Desktop\Vacation4U-reservations-node-rest-app\node_modules\mongoose\lib\model.js:2117:13)[39m
[31m    at exports.searchCruise (C:\Users\kaveenprabodhya\Desktop\Vacation4U-reservations-node-rest-app\controllers\cruise\cruiseController.js:228:34)[39m
[31m    at process.processTicksAndRejections (node:internal/process/task_queues:95:5)[39m
16/11/2023, 03:35:45 [31merror[39m: [31muncaughtException: validateSearchQuery is not defined[39m
[31mReferenceError: validateSearchQuery is not defined[39m
[31m    at exports.searchCruise (C:\Users\kaveenprabodhya\Desktop\Vacation4U-reservations-node-rest-app\controllers\cruise\cruiseController.js:229:21)[39m
[31m    at process.processTicksAndRejections (node:internal/process/task_queues:95:5)[39m
